# JRE version: OpenJDK Runtime Environment Temurin-17.0.12+7 (17.0.12+7) (build 17.0.12+7)
# Java VM: OpenJDK 64-Bit Server VM Temurin-17.0.12+7 (17.0.12+7, mixed mode, tiered, compressed oops, compressed class ptrs, parallel gc, linux-amd64)
GC Precious Log:
 CPUs: 8 total, 8 available
 Memory: 19856M
 Large Page Support: Disabled
 NUMA Support: Disabled
 Compressed Oops: Enabled (32-bit)
 Alignments: Space 512K, Generation 512K, Heap 2M
 Heap Min Capacity: 100M
 Heap Initial Capacity: 100M
 Heap Max Capacity: 1G
 Pre-touch: Disabled
 Parallel Workers: 8
Heap:
 PSYoungGen      total 60416K, used 10107K [0x00000000eab00000, 0x00000000ef700000, 0x0000000100000000)
  eden space 50176K, 0% used [0x00000000eab00000,0x00000000eab00000,0x00000000edc00000)
  from space 10240K, 98% used [0x00000000eed00000,0x00000000ef6deee0,0x00000000ef700000)
  to   space 12800K, 0% used [0x00000000ede00000,0x00000000ede00000,0x00000000eea80000)
 ParOldGen       total 250880K, used 242993K [0x00000000c0000000, 0x00000000cf500000, 0x00000000eab00000)
  object space 250880K, 96% used [0x00000000c0000000,0x00000000ced4c438,0x00000000cf500000)
 Metaspace       used 70085K, committed 71296K, reserved 1114112K
  class space    used 7336K, committed 7872K, reserved 1048576K
GC Heap History (20 events):
Event: 52.018 GC heap after
{Heap after GC invocations=112 (full 6):
 PSYoungGen      total 29696K, used 3508K [0x00000000eab00000, 0x00000000ed380000, 0x0000000100000000)
  eden space 26112K, 0% used [0x00000000eab00000,0x00000000eab00000,0x00000000ec480000)
  from space 3584K, 97% used [0x00000000ec480000,0x00000000ec7ed218,0x00000000ec800000)
  to   space 6144K, 0% used [0x00000000ecd80000,0x00000000ecd80000,0x00000000ed380000)
 ParOldGen       total 250880K, used 183254K [0x00000000c0000000, 0x00000000cf500000, 0x00000000eab00000)
  object space 250880K, 73% used [0x00000000c0000000,0x00000000cb2f5b00,0x00000000cf500000)
 Metaspace       used 67747K, committed 68928K, reserved 1114112K
  class space    used 7129K, committed 7680K, reserved 1048576K
}
Event: 52.536 GC heap before
{Heap before GC invocations=113 (full 6):
 PSYoungGen      total 29696K, used 29620K [0x00000000eab00000, 0x00000000ed380000, 0x0000000100000000)
  eden space 26112K, 99% used [0x00000000eab00000,0x00000000ec47fff0,0x00000000ec480000)
  from space 3584K, 97% used [0x00000000ec480000,0x00000000ec7ed218,0x00000000ec800000)
  to   space 6144K, 0% used [0x00000000ecd80000,0x00000000ecd80000,0x00000000ed380000)
 ParOldGen       total 250880K, used 183254K [0x00000000c0000000, 0x00000000cf500000, 0x00000000eab00000)
  object space 250880K, 73% used [0x00000000c0000000,0x00000000cb2f5b00,0x00000000cf500000)
 Metaspace       used 67825K, committed 69056K, reserved 1114112K
  class space    used 7131K, committed 7680K, reserved 1048576K
}
Event: 52.574 GC heap after
{Heap after GC invocations=113 (full 6):
 PSYoungGen      total 33792K, used 4351K [0x00000000eab00000, 0x00000000ed200000, 0x0000000100000000)
  eden space 29184K, 0% used [0x00000000eab00000,0x00000000eab00000,0x00000000ec780000)
  from space 4608K, 94% used [0x00000000ecd80000,0x00000000ed1bfc00,0x00000000ed200000)
  to   space 4608K, 0% used [0x00000000ec900000,0x00000000ec900000,0x00000000ecd80000)
 ParOldGen       total 250880K, used 186526K [0x00000000c0000000, 0x00000000cf500000, 0x00000000eab00000)
  object space 250880K, 74% used [0x00000000c0000000,0x00000000cb627a78,0x00000000cf500000)
 Metaspace       used 67825K, committed 69056K, reserved 1114112K
  class space    used 7131K, committed 7680K, reserved 1048576K
}
Event: 52.976 GC heap before
{Heap before GC invocations=114 (full 6):
 PSYoungGen      total 33792K, used 33535K [0x00000000eab00000, 0x00000000ed200000, 0x0000000100000000)
  eden space 29184K, 100% used [0x00000000eab00000,0x00000000ec780000,0x00000000ec780000)
  from space 4608K, 94% used [0x00000000ecd80000,0x00000000ed1bfc00,0x00000000ed200000)
  to   space 4608K, 0% used [0x00000000ec900000,0x00000000ec900000,0x00000000ecd80000)
 ParOldGen       total 250880K, used 186526K [0x00000000c0000000, 0x00000000cf500000, 0x00000000eab00000)
  object space 250880K, 74% used [0x00000000c0000000,0x00000000cb627a78,0x00000000cf500000)
 Metaspace       used 67941K, committed 69184K, reserved 1114112K
  class space    used 7142K, committed 7680K, reserved 1048576K
}
Event: 53.037 GC heap after
{Heap after GC invocations=114 (full 6):
 PSYoungGen      total 35328K, used 4577K [0x00000000eab00000, 0x00000000ee880000, 0x0000000100000000)
  eden space 30720K, 0% used [0x00000000eab00000,0x00000000eab00000,0x00000000ec900000)
  from space 4608K, 99% used [0x00000000ec900000,0x00000000ecd78618,0x00000000ecd80000)
  to   space 15360K, 0% used [0x00000000ed980000,0x00000000ed980000,0x00000000ee880000)
 ParOldGen       total 250880K, used 195286K [0x00000000c0000000, 0x00000000cf500000, 0x00000000eab00000)
  object space 250880K, 77% used [0x00000000c0000000,0x00000000cbeb5b70,0x00000000cf500000)
 Metaspace       used 67941K, committed 69184K, reserved 1114112K
  class space    used 7142K, committed 7680K, reserved 1048576K
}
Event: 53.578 GC heap before
{Heap before GC invocations=115 (full 6):
 PSYoungGen      total 35328K, used 35297K [0x00000000eab00000, 0x00000000ee880000, 0x0000000100000000)
  eden space 30720K, 100% used [0x00000000eab00000,0x00000000ec900000,0x00000000ec900000)
  from space 4608K, 99% used [0x00000000ec900000,0x00000000ecd78618,0x00000000ecd80000)
  to   space 15360K, 0% used [0x00000000ed980000,0x00000000ed980000,0x00000000ee880000)
 ParOldGen       total 250880K, used 195286K [0x00000000c0000000, 0x00000000cf500000, 0x00000000eab00000)
  object space 250880K, 77% used [0x00000000c0000000,0x00000000cbeb5b70,0x00000000cf500000)
 Metaspace       used 68130K, committed 69312K, reserved 1114112K
  class space    used 7168K, committed 7680K, reserved 1048576K
}
Event: 53.625 GC heap after
{Heap after GC invocations=115 (full 6):
 PSYoungGen      total 40448K, used 6535K [0x00000000eab00000, 0x00000000ee000000, 0x0000000100000000)
  eden space 33792K, 0% used [0x00000000eab00000,0x00000000eab00000,0x00000000ecc00000)
  from space 6656K, 98% used [0x00000000ed980000,0x00000000edfe1f50,0x00000000ee000000)
  to   space 9216K, 0% used [0x00000000ece00000,0x00000000ece00000,0x00000000ed700000)
 ParOldGen       total 250880K, used 199686K [0x00000000c0000000, 0x00000000cf500000, 0x00000000eab00000)
  object space 250880K, 79% used [0x00000000c0000000,0x00000000cc301940,0x00000000cf500000)
 Metaspace       used 68130K, committed 69312K, reserved 1114112K
  class space    used 7168K, committed 7680K, reserved 1048576K
}
Event: 54.123 GC heap before
{Heap before GC invocations=116 (full 6):
 PSYoungGen      total 40448K, used 40327K [0x00000000eab00000, 0x00000000ee000000, 0x0000000100000000)
  eden space 33792K, 100% used [0x00000000eab00000,0x00000000ecc00000,0x00000000ecc00000)
  from space 6656K, 98% used [0x00000000ed980000,0x00000000edfe1f50,0x00000000ee000000)
  to   space 9216K, 0% used [0x00000000ece00000,0x00000000ece00000,0x00000000ed700000)
 ParOldGen       total 250880K, used 199686K [0x00000000c0000000, 0x00000000cf500000, 0x00000000eab00000)
  object space 250880K, 79% used [0x00000000c0000000,0x00000000cc301940,0x00000000cf500000)
 Metaspace       used 68365K, committed 69568K, reserved 1114112K
  class space    used 7189K, committed 7744K, reserved 1048576K
}
Event: 54.160 GC heap after
{Heap after GC invocations=116 (full 6):
 PSYoungGen      total 45056K, used 9203K [0x00000000eab00000, 0x00000000eec80000, 0x0000000100000000)
  eden space 35840K, 0% used [0x00000000eab00000,0x00000000eab00000,0x00000000ece00000)
  from space 9216K, 99% used [0x00000000ece00000,0x00000000ed6fcf10,0x00000000ed700000)
  to   space 14848K, 0% used [0x00000000ede00000,0x00000000ede00000,0x00000000eec80000)
 ParOldGen       total 250880K, used 203694K [0x00000000c0000000, 0x00000000cf500000, 0x00000000eab00000)
  object space 250880K, 81% used [0x00000000c0000000,0x00000000cc6eba98,0x00000000cf500000)
 Metaspace       used 68365K, committed 69568K, reserved 1114112K
  class space    used 7189K, committed 7744K, reserved 1048576K
}
Event: 54.815 GC heap before
{Heap before GC invocations=117 (full 6):
 PSYoungGen      total 45056K, used 45043K [0x00000000eab00000, 0x00000000eec80000, 0x0000000100000000)
  eden space 35840K, 100% used [0x00000000eab00000,0x00000000ece00000,0x00000000ece00000)
  from space 9216K, 99% used [0x00000000ece00000,0x00000000ed6fcf10,0x00000000ed700000)
  to   space 14848K, 0% used [0x00000000ede00000,0x00000000ede00000,0x00000000eec80000)
 ParOldGen       total 250880K, used 203694K [0x00000000c0000000, 0x00000000cf500000, 0x00000000eab00000)
  object space 250880K, 81% used [0x00000000c0000000,0x00000000cc6eba98,0x00000000cf500000)
 Metaspace       used 68629K, committed 69824K, reserved 1114112K
  class space    used 7210K, committed 7744K, reserved 1048576K
}
Event: 54.894 GC heap after
{Heap after GC invocations=117 (full 6):
 PSYoungGen      total 46592K, used 6766K [0x00000000eab00000, 0x00000000ee500000, 0x0000000100000000)
  eden space 39424K, 0% used [0x00000000eab00000,0x00000000eab00000,0x00000000ed180000)
  from space 7168K, 94% used [0x00000000ede00000,0x00000000ee49bb08,0x00000000ee500000)
  to   space 9216K, 0% used [0x00000000ed300000,0x00000000ed300000,0x00000000edc00000)
 ParOldGen       total 250880K, used 212369K [0x00000000c0000000, 0x00000000cf500000, 0x00000000eab00000)
  object space 250880K, 84% used [0x00000000c0000000,0x00000000ccf64748,0x00000000cf500000)
 Metaspace       used 68629K, committed 69824K, reserved 1114112K
  class space    used 7210K, committed 7744K, reserved 1048576K
}
Event: 55.568 GC heap before
{Heap before GC invocations=118 (full 6):
 PSYoungGen      total 46592K, used 46190K [0x00000000eab00000, 0x00000000ee500000, 0x0000000100000000)
  eden space 39424K, 100% used [0x00000000eab00000,0x00000000ed180000,0x00000000ed180000)
  from space 7168K, 94% used [0x00000000ede00000,0x00000000ee49bb08,0x00000000ee500000)
  to   space 9216K, 0% used [0x00000000ed300000,0x00000000ed300000,0x00000000edc00000)
 ParOldGen       total 250880K, used 212369K [0x00000000c0000000, 0x00000000cf500000, 0x00000000eab00000)
  object space 250880K, 84% used [0x00000000c0000000,0x00000000ccf64748,0x00000000cf500000)
 Metaspace       used 69119K, committed 70336K, reserved 1114112K
  class space    used 7262K, committed 7808K, reserved 1048576K
}
Event: 55.594 GC heap after
{Heap after GC invocations=118 (full 6):
 PSYoungGen      total 50176K, used 9200K [0x00000000eab00000, 0x00000000ef400000, 0x0000000100000000)
  eden space 40960K, 0% used [0x00000000eab00000,0x00000000eab00000,0x00000000ed300000)
  from space 9216K, 99% used [0x00000000ed300000,0x00000000edbfc360,0x00000000edc00000)
  to   space 15872K, 0% used [0x00000000ee480000,0x00000000ee480000,0x00000000ef400000)
 ParOldGen       total 250880K, used 217395K [0x00000000c0000000, 0x00000000cf500000, 0x00000000eab00000)
  object space 250880K, 86% used [0x00000000c0000000,0x00000000cd44cd10,0x00000000cf500000)
 Metaspace       used 69119K, committed 70336K, reserved 1114112K
  class space    used 7262K, committed 7808K, reserved 1048576K
}
Event: 56.053 GC heap before
{Heap before GC invocations=119 (full 6):
 PSYoungGen      total 50176K, used 50160K [0x00000000eab00000, 0x00000000ef400000, 0x0000000100000000)
  eden space 40960K, 100% used [0x00000000eab00000,0x00000000ed300000,0x00000000ed300000)
  from space 9216K, 99% used [0x00000000ed300000,0x00000000edbfc360,0x00000000edc00000)
  to   space 15872K, 0% used [0x00000000ee480000,0x00000000ee480000,0x00000000ef400000)
 ParOldGen       total 250880K, used 217395K [0x00000000c0000000, 0x00000000cf500000, 0x00000000eab00000)
  object space 250880K, 86% used [0x00000000c0000000,0x00000000cd44cd10,0x00000000cf500000)
 Metaspace       used 69579K, committed 70848K, reserved 1114112K
  class space    used 7310K, committed 7872K, reserved 1048576K
}
Event: 56.084 GC heap after
{Heap after GC invocations=119 (full 6):
 PSYoungGen      total 53248K, used 8200K [0x00000000eab00000, 0x00000000eed00000, 0x0000000100000000)
  eden space 44544K, 0% used [0x00000000eab00000,0x00000000eab00000,0x00000000ed680000)
  from space 8704K, 94% used [0x00000000ee480000,0x00000000eec82158,0x00000000eed00000)
  to   space 10752K, 0% used [0x00000000ed800000,0x00000000ed800000,0x00000000ee280000)
 ParOldGen       total 250880K, used 226300K [0x00000000c0000000, 0x00000000cf500000, 0x00000000eab00000)
  object space 250880K, 90% used [0x00000000c0000000,0x00000000cdcff098,0x00000000cf500000)
 Metaspace       used 69579K, committed 70848K, reserved 1114112K
  class space    used 7310K, committed 7872K, reserved 1048576K
}
Event: 56.649 GC heap before
{Heap before GC invocations=120 (full 6):
 PSYoungGen      total 53248K, used 52744K [0x00000000eab00000, 0x00000000eed00000, 0x0000000100000000)
  eden space 44544K, 100% used [0x00000000eab00000,0x00000000ed680000,0x00000000ed680000)
  from space 8704K, 94% used [0x00000000ee480000,0x00000000eec82158,0x00000000eed00000)
  to   space 10752K, 0% used [0x00000000ed800000,0x00000000ed800000,0x00000000ee280000)
 ParOldGen       total 250880K, used 226300K [0x00000000c0000000, 0x00000000cf500000, 0x00000000eab00000)
  object space 250880K, 90% used [0x00000000c0000000,0x00000000cdcff098,0x00000000cf500000)
 Metaspace       used 69859K, committed 71104K, reserved 1114112K
  class space    used 7327K, committed 7872K, reserved 1048576K
}
Event: 56.705 GC heap after
{Heap after GC invocations=120 (full 6):
 PSYoungGen      total 56832K, used 10727K [0x00000000eab00000, 0x00000000eff80000, 0x0000000100000000)
  eden space 46080K, 0% used [0x00000000eab00000,0x00000000eab00000,0x00000000ed800000)
  from space 10752K, 99% used [0x00000000ed800000,0x00000000ee279d50,0x00000000ee280000)
  to   space 18944K, 0% used [0x00000000eed00000,0x00000000eed00000,0x00000000eff80000)
 ParOldGen       total 250880K, used 232749K [0x00000000c0000000, 0x00000000cf500000, 0x00000000eab00000)
  object space 250880K, 92% used [0x00000000c0000000,0x00000000ce34b758,0x00000000cf500000)
 Metaspace       used 69859K, committed 71104K, reserved 1114112K
  class space    used 7327K, committed 7872K, reserved 1048576K
}
Event: 57.345 GC heap before
{Heap before GC invocations=121 (full 6):
 PSYoungGen      total 56832K, used 56807K [0x00000000eab00000, 0x00000000eff80000, 0x0000000100000000)
  eden space 46080K, 100% used [0x00000000eab00000,0x00000000ed800000,0x00000000ed800000)
  from space 10752K, 99% used [0x00000000ed800000,0x00000000ee279d50,0x00000000ee280000)
  to   space 18944K, 0% used [0x00000000eed00000,0x00000000eed00000,0x00000000eff80000)
 ParOldGen       total 250880K, used 232749K [0x00000000c0000000, 0x00000000cf500000, 0x00000000eab00000)
  object space 250880K, 92% used [0x00000000c0000000,0x00000000ce34b758,0x00000000cf500000)
 Metaspace       used 70085K, committed 71296K, reserved 1114112K
  class space    used 7336K, committed 7872K, reserved 1048576K
}
Event: 57.409 GC heap after
{Heap after GC invocations=121 (full 6):
 PSYoungGen      total 60416K, used 10107K [0x00000000eab00000, 0x00000000ef700000, 0x0000000100000000)
  eden space 50176K, 0% used [0x00000000eab00000,0x00000000eab00000,0x00000000edc00000)
  from space 10240K, 98% used [0x00000000eed00000,0x00000000ef6deee0,0x00000000ef700000)
  to   space 12800K, 0% used [0x00000000ede00000,0x00000000ede00000,0x00000000eea80000)
 ParOldGen       total 250880K, used 242993K [0x00000000c0000000, 0x00000000cf500000, 0x00000000eab00000)
  object space 250880K, 96% used [0x00000000c0000000,0x00000000ced4c438,0x00000000cf500000)
 Metaspace       used 70085K, committed 71296K, reserved 1114112K
  class space    used 7336K, committed 7872K, reserved 1048576K
}
Event: 57.409 GC heap before
{Heap before GC invocations=122 (full 7):
 PSYoungGen      total 60416K, used 10107K [0x00000000eab00000, 0x00000000ef700000, 0x0000000100000000)
  eden space 50176K, 0% used [0x00000000eab00000,0x00000000eab00000,0x00000000edc00000)
  from space 10240K, 98% used [0x00000000eed00000,0x00000000ef6deee0,0x00000000ef700000)
  to   space 12800K, 0% used [0x00000000ede00000,0x00000000ede00000,0x00000000eea80000)
 ParOldGen       total 250880K, used 242993K [0x00000000c0000000, 0x00000000cf500000, 0x00000000eab00000)
  object space 250880K, 96% used [0x00000000c0000000,0x00000000ced4c438,0x00000000cf500000)
 Metaspace       used 70085K, committed 71296K, reserved 1114112K
  class space    used 7336K, committed 7872K, reserved 1048576K
}

