# JRE version: OpenJDK Runtime Environment Temurin-17.0.13+11 (17.0.13+11) (build 17.0.13+11)
# Java VM: OpenJDK 64-Bit Server VM Temurin-17.0.13+11 (17.0.13+11, mixed mode, tiered, compressed oops, compressed class ptrs, parallel gc, linux-amd64)
GC Precious Log:
 CPUs: 8 total, 8 available
 Memory: 19856M
 Large Page Support: Disabled
 NUMA Support: Disabled
 Compressed Oops: Enabled (32-bit)
 Alignments: Space 512K, Generation 512K, Heap 2M
 Heap Min Capacity: 100M
 Heap Initial Capacity: 100M
 Heap Max Capacity: 1G
 Pre-touch: Disabled
 Parallel Workers: 8
Heap:
 PSYoungGen      total 25088K, used 15052K [0x00000000eab00000, 0x00000000ecc00000, 0x0000000100000000)
  eden space 17408K, 42% used [0x00000000eab00000,0x00000000eb2398e8,0x00000000ebc00000)
  from space 7680K, 99% used [0x00000000ec480000,0x00000000ecbf9818,0x00000000ecc00000)
  to   space 8192K, 0% used [0x00000000ebc00000,0x00000000ebc00000,0x00000000ec400000)
 ParOldGen       total 410112K, used 369191K [0x00000000c0000000, 0x00000000d9080000, 0x00000000eab00000)
  object space 410112K, 90% used [0x00000000c0000000,0x00000000d6889fc8,0x00000000d9080000)
 Metaspace       used 71226K, committed 72512K, reserved 1114112K
  class space    used 7549K, committed 8128K, reserved 1048576K
GC Heap History (20 events):
Event: 93.742 GC heap before
{Heap before GC invocations=162 (full 11):
 PSYoungGen      total 14336K, used 13858K [0x00000000eab00000, 0x00000000ebe00000, 0x0000000100000000)
  eden space 10240K, 100% used [0x00000000eab00000,0x00000000eb500000,0x00000000eb500000)
  from space 4096K, 88% used [0x00000000eb900000,0x00000000ebc88b60,0x00000000ebd00000)
  to   space 4096K, 0% used [0x00000000eb500000,0x00000000eb500000,0x00000000eb900000)
 ParOldGen       total 410112K, used 359256K [0x00000000c0000000, 0x00000000d9080000, 0x00000000eab00000)
  object space 410112K, 87% used [0x00000000c0000000,0x00000000d5ed6398,0x00000000d9080000)
 Metaspace       used 71223K, committed 72512K, reserved 1114112K
  class space    used 7549K, committed 8128K, reserved 1048576K
}
Event: 93.752 GC heap after
{Heap after GC invocations=162 (full 11):
 PSYoungGen      total 14336K, used 4083K [0x00000000eab00000, 0x00000000ec000000, 0x0000000100000000)
  eden space 10240K, 0% used [0x00000000eab00000,0x00000000eab00000,0x00000000eb500000)
  from space 4096K, 99% used [0x00000000eb500000,0x00000000eb8fcf60,0x00000000eb900000)
  to   space 5120K, 0% used [0x00000000ebb00000,0x00000000ebb00000,0x00000000ec000000)
 ParOldGen       total 410112K, used 360008K [0x00000000c0000000, 0x00000000d9080000, 0x00000000eab00000)
  object space 410112K, 87% used [0x00000000c0000000,0x00000000d5f92398,0x00000000d9080000)
 Metaspace       used 71223K, committed 72512K, reserved 1114112K
  class space    used 7549K, committed 8128K, reserved 1048576K
}
Event: 93.913 GC heap before
{Heap before GC invocations=163 (full 11):
 PSYoungGen      total 14336K, used 14323K [0x00000000eab00000, 0x00000000ec000000, 0x0000000100000000)
  eden space 10240K, 100% used [0x00000000eab00000,0x00000000eb500000,0x00000000eb500000)
  from space 4096K, 99% used [0x00000000eb500000,0x00000000eb8fcf60,0x00000000eb900000)
  to   space 5120K, 0% used [0x00000000ebb00000,0x00000000ebb00000,0x00000000ec000000)
 ParOldGen       total 410112K, used 360008K [0x00000000c0000000, 0x00000000d9080000, 0x00000000eab00000)
  object space 410112K, 87% used [0x00000000c0000000,0x00000000d5f92398,0x00000000d9080000)
 Metaspace       used 71223K, committed 72512K, reserved 1114112K
  class space    used 7549K, committed 8128K, reserved 1048576K
}
Event: 93.933 GC heap after
{Heap after GC invocations=163 (full 11):
 PSYoungGen      total 16384K, used 4627K [0x00000000eab00000, 0x00000000ec000000, 0x0000000100000000)
  eden space 11264K, 0% used [0x00000000eab00000,0x00000000eab00000,0x00000000eb600000)
  from space 5120K, 90% used [0x00000000ebb00000,0x00000000ebf84f60,0x00000000ec000000)
  to   space 5120K, 0% used [0x00000000eb600000,0x00000000eb600000,0x00000000ebb00000)
 ParOldGen       total 410112K, used 360768K [0x00000000c0000000, 0x00000000d9080000, 0x00000000eab00000)
  object space 410112K, 87% used [0x00000000c0000000,0x00000000d6050398,0x00000000d9080000)
 Metaspace       used 71223K, committed 72512K, reserved 1114112K
  class space    used 7549K, committed 8128K, reserved 1048576K
}
Event: 94.137 GC heap before
{Heap before GC invocations=164 (full 11):
 PSYoungGen      total 16384K, used 15891K [0x00000000eab00000, 0x00000000ec000000, 0x0000000100000000)
  eden space 11264K, 100% used [0x00000000eab00000,0x00000000eb600000,0x00000000eb600000)
  from space 5120K, 90% used [0x00000000ebb00000,0x00000000ebf84f60,0x00000000ec000000)
  to   space 5120K, 0% used [0x00000000eb600000,0x00000000eb600000,0x00000000ebb00000)
 ParOldGen       total 410112K, used 360768K [0x00000000c0000000, 0x00000000d9080000, 0x00000000eab00000)
  object space 410112K, 87% used [0x00000000c0000000,0x00000000d6050398,0x00000000d9080000)
 Metaspace       used 71223K, committed 72512K, reserved 1114112K
  class space    used 7549K, committed 8128K, reserved 1048576K
}
Event: 94.155 GC heap after
{Heap after GC invocations=164 (full 11):
 PSYoungGen      total 16384K, used 5103K [0x00000000eab00000, 0x00000000ec400000, 0x0000000100000000)
  eden space 11264K, 0% used [0x00000000eab00000,0x00000000eab00000,0x00000000eb600000)
  from space 5120K, 99% used [0x00000000eb600000,0x00000000ebafbd80,0x00000000ebb00000)
  to   space 6656K, 0% used [0x00000000ebd80000,0x00000000ebd80000,0x00000000ec400000)
 ParOldGen       total 410112K, used 361624K [0x00000000c0000000, 0x00000000d9080000, 0x00000000eab00000)
  object space 410112K, 88% used [0x00000000c0000000,0x00000000d6126398,0x00000000d9080000)
 Metaspace       used 71223K, committed 72512K, reserved 1114112K
  class space    used 7549K, committed 8128K, reserved 1048576K
}
Event: 94.335 GC heap before
{Heap before GC invocations=165 (full 11):
 PSYoungGen      total 16384K, used 16367K [0x00000000eab00000, 0x00000000ec400000, 0x0000000100000000)
  eden space 11264K, 100% used [0x00000000eab00000,0x00000000eb600000,0x00000000eb600000)
  from space 5120K, 99% used [0x00000000eb600000,0x00000000ebafbd80,0x00000000ebb00000)
  to   space 6656K, 0% used [0x00000000ebd80000,0x00000000ebd80000,0x00000000ec400000)
 ParOldGen       total 410112K, used 361624K [0x00000000c0000000, 0x00000000d9080000, 0x00000000eab00000)
  object space 410112K, 88% used [0x00000000c0000000,0x00000000d6126398,0x00000000d9080000)
 Metaspace       used 71223K, committed 72512K, reserved 1114112K
  class space    used 7549K, committed 8128K, reserved 1048576K
}
Event: 94.360 GC heap after
{Heap after GC invocations=165 (full 11):
 PSYoungGen      total 18944K, used 6079K [0x00000000eab00000, 0x00000000ec400000, 0x0000000100000000)
  eden space 12288K, 0% used [0x00000000eab00000,0x00000000eab00000,0x00000000eb700000)
  from space 6656K, 91% used [0x00000000ebd80000,0x00000000ec36ff60,0x00000000ec400000)
  to   space 6656K, 0% used [0x00000000eb700000,0x00000000eb700000,0x00000000ebd80000)
 ParOldGen       total 410112K, used 361952K [0x00000000c0000000, 0x00000000d9080000, 0x00000000eab00000)
  object space 410112K, 88% used [0x00000000c0000000,0x00000000d6178398,0x00000000d9080000)
 Metaspace       used 71223K, committed 72512K, reserved 1114112K
  class space    used 7549K, committed 8128K, reserved 1048576K
}
Event: 94.561 GC heap before
{Heap before GC invocations=166 (full 11):
 PSYoungGen      total 18944K, used 18367K [0x00000000eab00000, 0x00000000ec400000, 0x0000000100000000)
  eden space 12288K, 100% used [0x00000000eab00000,0x00000000eb700000,0x00000000eb700000)
  from space 6656K, 91% used [0x00000000ebd80000,0x00000000ec36ff60,0x00000000ec400000)
  to   space 6656K, 0% used [0x00000000eb700000,0x00000000eb700000,0x00000000ebd80000)
 ParOldGen       total 410112K, used 361952K [0x00000000c0000000, 0x00000000d9080000, 0x00000000eab00000)
  object space 410112K, 88% used [0x00000000c0000000,0x00000000d6178398,0x00000000d9080000)
 Metaspace       used 71223K, committed 72512K, reserved 1114112K
  class space    used 7549K, committed 8128K, reserved 1048576K
}
Event: 94.574 GC heap after
{Heap after GC invocations=166 (full 11):
 PSYoungGen      total 18944K, used 6655K [0x00000000eab00000, 0x00000000ec700000, 0x0000000100000000)
  eden space 12288K, 0% used [0x00000000eab00000,0x00000000eab00000,0x00000000eb700000)
  from space 6656K, 99% used [0x00000000eb700000,0x00000000ebd7ff60,0x00000000ebd80000)
  to   space 7680K, 0% used [0x00000000ebf80000,0x00000000ebf80000,0x00000000ec700000)
 ParOldGen       total 410112K, used 362669K [0x00000000c0000000, 0x00000000d9080000, 0x00000000eab00000)
  object space 410112K, 88% used [0x00000000c0000000,0x00000000d622b5a0,0x00000000d9080000)
 Metaspace       used 71223K, committed 72512K, reserved 1114112K
  class space    used 7549K, committed 8128K, reserved 1048576K
}
Event: 94.772 GC heap before
{Heap before GC invocations=167 (full 11):
 PSYoungGen      total 18944K, used 18943K [0x00000000eab00000, 0x00000000ec700000, 0x0000000100000000)
  eden space 12288K, 100% used [0x00000000eab00000,0x00000000eb700000,0x00000000eb700000)
  from space 6656K, 99% used [0x00000000eb700000,0x00000000ebd7ff60,0x00000000ebd80000)
  to   space 7680K, 0% used [0x00000000ebf80000,0x00000000ebf80000,0x00000000ec700000)
 ParOldGen       total 410112K, used 362669K [0x00000000c0000000, 0x00000000d9080000, 0x00000000eab00000)
  object space 410112K, 88% used [0x00000000c0000000,0x00000000d622b5a0,0x00000000d9080000)
 Metaspace       used 71225K, committed 72512K, reserved 1114112K
  class space    used 7549K, committed 8128K, reserved 1048576K
}
Event: 94.791 GC heap after
{Heap after GC invocations=167 (full 11):
 PSYoungGen      total 20480K, used 6744K [0x00000000eab00000, 0x00000000ec680000, 0x0000000100000000)
  eden space 13312K, 0% used [0x00000000eab00000,0x00000000eab00000,0x00000000eb800000)
  from space 7168K, 94% used [0x00000000ebf80000,0x00000000ec616008,0x00000000ec680000)
  to   space 7168K, 0% used [0x00000000eb880000,0x00000000eb880000,0x00000000ebf80000)
 ParOldGen       total 410112K, used 364051K [0x00000000c0000000, 0x00000000d9080000, 0x00000000eab00000)
  object space 410112K, 88% used [0x00000000c0000000,0x00000000d6384dc0,0x00000000d9080000)
 Metaspace       used 71225K, committed 72512K, reserved 1114112K
  class space    used 7549K, committed 8128K, reserved 1048576K
}
Event: 95.041 GC heap before
{Heap before GC invocations=168 (full 11):
 PSYoungGen      total 20480K, used 20056K [0x00000000eab00000, 0x00000000ec680000, 0x0000000100000000)
  eden space 13312K, 100% used [0x00000000eab00000,0x00000000eb800000,0x00000000eb800000)
  from space 7168K, 94% used [0x00000000ebf80000,0x00000000ec616008,0x00000000ec680000)
  to   space 7168K, 0% used [0x00000000eb880000,0x00000000eb880000,0x00000000ebf80000)
 ParOldGen       total 410112K, used 364051K [0x00000000c0000000, 0x00000000d9080000, 0x00000000eab00000)
  object space 410112K, 88% used [0x00000000c0000000,0x00000000d6384dc0,0x00000000d9080000)
 Metaspace       used 71226K, committed 72512K, reserved 1114112K
  class space    used 7549K, committed 8128K, reserved 1048576K
}
Event: 95.063 GC heap after
{Heap after GC invocations=168 (full 11):
 PSYoungGen      total 20992K, used 7152K [0x00000000eab00000, 0x00000000eca80000, 0x0000000100000000)
  eden space 13824K, 0% used [0x00000000eab00000,0x00000000eab00000,0x00000000eb880000)
  from space 7168K, 99% used [0x00000000eb880000,0x00000000ebf7c008,0x00000000ebf80000)
  to   space 8704K, 0% used [0x00000000ec200000,0x00000000ec200000,0x00000000eca80000)
 ParOldGen       total 410112K, used 365139K [0x00000000c0000000, 0x00000000d9080000, 0x00000000eab00000)
  object space 410112K, 89% used [0x00000000c0000000,0x00000000d6494dc0,0x00000000d9080000)
 Metaspace       used 71226K, committed 72512K, reserved 1114112K
  class space    used 7549K, committed 8128K, reserved 1048576K
}
Event: 95.311 GC heap before
{Heap before GC invocations=169 (full 11):
 PSYoungGen      total 20992K, used 20976K [0x00000000eab00000, 0x00000000eca80000, 0x0000000100000000)
  eden space 13824K, 100% used [0x00000000eab00000,0x00000000eb880000,0x00000000eb880000)
  from space 7168K, 99% used [0x00000000eb880000,0x00000000ebf7c008,0x00000000ebf80000)
  to   space 8704K, 0% used [0x00000000ec200000,0x00000000ec200000,0x00000000eca80000)
 ParOldGen       total 410112K, used 365139K [0x00000000c0000000, 0x00000000d9080000, 0x00000000eab00000)
  object space 410112K, 89% used [0x00000000c0000000,0x00000000d6494dc0,0x00000000d9080000)
 Metaspace       used 71226K, committed 72512K, reserved 1114112K
  class space    used 7549K, committed 8128K, reserved 1048576K
}
Event: 95.337 GC heap after
{Heap after GC invocations=169 (full 11):
 PSYoungGen      total 23040K, used 7280K [0x00000000eab00000, 0x00000000ec980000, 0x0000000100000000)
  eden space 15360K, 0% used [0x00000000eab00000,0x00000000eab00000,0x00000000eba00000)
  from space 7680K, 94% used [0x00000000ec200000,0x00000000ec91c008,0x00000000ec980000)
  to   space 7680K, 0% used [0x00000000eba80000,0x00000000eba80000,0x00000000ec200000)
 ParOldGen       total 410112K, used 366587K [0x00000000c0000000, 0x00000000d9080000, 0x00000000eab00000)
  object space 410112K, 89% used [0x00000000c0000000,0x00000000d65fedc0,0x00000000d9080000)
 Metaspace       used 71226K, committed 72512K, reserved 1114112K
  class space    used 7549K, committed 8128K, reserved 1048576K
}
Event: 95.678 GC heap before
{Heap before GC invocations=170 (full 11):
 PSYoungGen      total 23040K, used 22640K [0x00000000eab00000, 0x00000000ec980000, 0x0000000100000000)
  eden space 15360K, 100% used [0x00000000eab00000,0x00000000eba00000,0x00000000eba00000)
  from space 7680K, 94% used [0x00000000ec200000,0x00000000ec91c008,0x00000000ec980000)
  to   space 7680K, 0% used [0x00000000eba80000,0x00000000eba80000,0x00000000ec200000)
 ParOldGen       total 410112K, used 366587K [0x00000000c0000000, 0x00000000d9080000, 0x00000000eab00000)
  object space 410112K, 89% used [0x00000000c0000000,0x00000000d65fedc0,0x00000000d9080000)
 Metaspace       used 71226K, committed 72512K, reserved 1114112K
  class space    used 7549K, committed 8128K, reserved 1048576K
}
Event: 95.699 GC heap after
{Heap after GC invocations=170 (full 11):
 PSYoungGen      total 23552K, used 7654K [0x00000000eab00000, 0x00000000ecd80000, 0x0000000100000000)
  eden space 15872K, 0% used [0x00000000eab00000,0x00000000eab00000,0x00000000eba80000)
  from space 7680K, 99% used [0x00000000eba80000,0x00000000ec1f9818,0x00000000ec200000)
  to   space 9216K, 0% used [0x00000000ec480000,0x00000000ec480000,0x00000000ecd80000)
 ParOldGen       total 410112K, used 367595K [0x00000000c0000000, 0x00000000d9080000, 0x00000000eab00000)
  object space 410112K, 89% used [0x00000000c0000000,0x00000000d66fadc0,0x00000000d9080000)
 Metaspace       used 71226K, committed 72512K, reserved 1114112K
  class space    used 7549K, committed 8128K, reserved 1048576K
}
Event: 95.999 GC heap before
{Heap before GC invocations=171 (full 11):
 PSYoungGen      total 23552K, used 23526K [0x00000000eab00000, 0x00000000ecd80000, 0x0000000100000000)
  eden space 15872K, 100% used [0x00000000eab00000,0x00000000eba80000,0x00000000eba80000)
  from space 7680K, 99% used [0x00000000eba80000,0x00000000ec1f9818,0x00000000ec200000)
  to   space 9216K, 0% used [0x00000000ec480000,0x00000000ec480000,0x00000000ecd80000)
 ParOldGen       total 410112K, used 367595K [0x00000000c0000000, 0x00000000d9080000, 0x00000000eab00000)
  object space 410112K, 89% used [0x00000000c0000000,0x00000000d66fadc0,0x00000000d9080000)
 Metaspace       used 71226K, committed 72512K, reserved 1114112K
  class space    used 7549K, committed 8128K, reserved 1048576K
}
Event: 96.020 GC heap after
{Heap after GC invocations=171 (full 11):
 PSYoungGen      total 25088K, used 7654K [0x00000000eab00000, 0x00000000ecc00000, 0x0000000100000000)
  eden space 17408K, 0% used [0x00000000eab00000,0x00000000eab00000,0x00000000ebc00000)
  from space 7680K, 99% used [0x00000000ec480000,0x00000000ecbf9818,0x00000000ecc00000)
  to   space 8192K, 0% used [0x00000000ebc00000,0x00000000ebc00000,0x00000000ec400000)
 ParOldGen       total 410112K, used 369191K [0x00000000c0000000, 0x00000000d9080000, 0x00000000eab00000)
  object space 410112K, 90% used [0x00000000c0000000,0x00000000d6889fc8,0x00000000d9080000)
 Metaspace       used 71226K, committed 72512K, reserved 1114112K
  class space    used 7549K, committed 8128K, reserved 1048576K
}

