# JRE version: OpenJDK Runtime Environment Temurin-17.0.12+7 (17.0.12+7) (build 17.0.12+7)
# Java VM: OpenJDK 64-Bit Server VM Temurin-17.0.12+7 (17.0.12+7, mixed mode, tiered, compressed oops, compressed class ptrs, parallel gc, linux-amd64)
GC Precious Log:
 CPUs: 8 total, 8 available
 Memory: 19856M
 Large Page Support: Disabled
 NUMA Support: Disabled
 Compressed Oops: Enabled (32-bit)
 Alignments: Space 512K, Generation 512K, Heap 2M
 Heap Min Capacity: 100M
 Heap Initial Capacity: 100M
 Heap Max Capacity: 1G
 Pre-touch: Disabled
 Parallel Workers: 8
Heap:
 PSYoungGen      total 29184K, used 5279K [0x00000000eab00000, 0x00000000ecd00000, 0x0000000100000000)
  eden space 23552K, 0% used [0x00000000eab00000,0x00000000eab00000,0x00000000ec200000)
  from space 5632K, 93% used [0x00000000ec200000,0x00000000ec727cd0,0x00000000ec780000)
  to   space 5632K, 0% used [0x00000000ec780000,0x00000000ec780000,0x00000000ecd00000)
 ParOldGen       total 275968K, used 271241K [0x00000000c0000000, 0x00000000d0d80000, 0x00000000eab00000)
  object space 275968K, 98% used [0x00000000c0000000,0x00000000d08e2790,0x00000000d0d80000)
 Metaspace       used 71673K, committed 72960K, reserved 1114112K
  class space    used 7508K, committed 8128K, reserved 1048576K
GC Heap History (20 events):
Event: 40.373 GC heap after
{Heap after GC invocations=151 (full 9):
 PSYoungGen      total 28160K, used 8697K [0x00000000eab00000, 0x00000000edc80000, 0x0000000100000000)
  eden space 19456K, 0% used [0x00000000eab00000,0x00000000eab00000,0x00000000ebe00000)
  from space 8704K, 99% used [0x00000000ecb00000,0x00000000ed37e670,0x00000000ed380000)
  to   space 13312K, 0% used [0x00000000ebe00000,0x00000000ebe00000,0x00000000ecb00000)
 ParOldGen       total 275968K, used 232646K [0x00000000c0000000, 0x00000000d0d80000, 0x00000000eab00000)
  object space 275968K, 84% used [0x00000000c0000000,0x00000000ce3318c8,0x00000000d0d80000)
 Metaspace       used 71671K, committed 72960K, reserved 1114112K
  class space    used 7508K, committed 8128K, reserved 1048576K
}
Event: 40.570 GC heap before
{Heap before GC invocations=152 (full 9):
 PSYoungGen      total 28160K, used 28153K [0x00000000eab00000, 0x00000000edc80000, 0x0000000100000000)
  eden space 19456K, 100% used [0x00000000eab00000,0x00000000ebe00000,0x00000000ebe00000)
  from space 8704K, 99% used [0x00000000ecb00000,0x00000000ed37e670,0x00000000ed380000)
  to   space 13312K, 0% used [0x00000000ebe00000,0x00000000ebe00000,0x00000000ecb00000)
 ParOldGen       total 275968K, used 232646K [0x00000000c0000000, 0x00000000d0d80000, 0x00000000eab00000)
  object space 275968K, 84% used [0x00000000c0000000,0x00000000ce3318c8,0x00000000d0d80000)
 Metaspace       used 71671K, committed 72960K, reserved 1114112K
  class space    used 7508K, committed 8128K, reserved 1048576K
}
Event: 40.596 GC heap after
{Heap after GC invocations=152 (full 9):
 PSYoungGen      total 28160K, used 8520K [0x00000000eab00000, 0x00000000ed100000, 0x0000000100000000)
  eden space 19456K, 0% used [0x00000000eab00000,0x00000000eab00000,0x00000000ebe00000)
  from space 8704K, 97% used [0x00000000ebe00000,0x00000000ec652120,0x00000000ec680000)
  to   space 9728K, 0% used [0x00000000ec780000,0x00000000ec780000,0x00000000ed100000)
 ParOldGen       total 275968K, used 237180K [0x00000000c0000000, 0x00000000d0d80000, 0x00000000eab00000)
  object space 275968K, 85% used [0x00000000c0000000,0x00000000ce79f378,0x00000000d0d80000)
 Metaspace       used 71671K, committed 72960K, reserved 1114112K
  class space    used 7508K, committed 8128K, reserved 1048576K
}
Event: 40.790 GC heap before
{Heap before GC invocations=153 (full 9):
 PSYoungGen      total 28160K, used 27976K [0x00000000eab00000, 0x00000000ed100000, 0x0000000100000000)
  eden space 19456K, 100% used [0x00000000eab00000,0x00000000ebe00000,0x00000000ebe00000)
  from space 8704K, 97% used [0x00000000ebe00000,0x00000000ec652120,0x00000000ec680000)
  to   space 9728K, 0% used [0x00000000ec780000,0x00000000ec780000,0x00000000ed100000)
 ParOldGen       total 275968K, used 237180K [0x00000000c0000000, 0x00000000d0d80000, 0x00000000eab00000)
  object space 275968K, 85% used [0x00000000c0000000,0x00000000ce79f378,0x00000000d0d80000)
 Metaspace       used 71671K, committed 72960K, reserved 1114112K
  class space    used 7508K, committed 8128K, reserved 1048576K
}
Event: 40.809 GC heap after
{Heap after GC invocations=153 (full 9):
 PSYoungGen      total 25600K, used 9711K [0x00000000eab00000, 0x00000000ed800000, 0x0000000100000000)
  eden space 15872K, 0% used [0x00000000eab00000,0x00000000eab00000,0x00000000eba80000)
  from space 9728K, 99% used [0x00000000ec780000,0x00000000ed0fbc78,0x00000000ed100000)
  to   space 13312K, 0% used [0x00000000eba80000,0x00000000eba80000,0x00000000ec780000)
 ParOldGen       total 275968K, used 239919K [0x00000000c0000000, 0x00000000d0d80000, 0x00000000eab00000)
  object space 275968K, 86% used [0x00000000c0000000,0x00000000cea4bf10,0x00000000d0d80000)
 Metaspace       used 71671K, committed 72960K, reserved 1114112K
  class space    used 7508K, committed 8128K, reserved 1048576K
}
Event: 40.993 GC heap before
{Heap before GC invocations=154 (full 9):
 PSYoungGen      total 25600K, used 25583K [0x00000000eab00000, 0x00000000ed800000, 0x0000000100000000)
  eden space 15872K, 100% used [0x00000000eab00000,0x00000000eba80000,0x00000000eba80000)
  from space 9728K, 99% used [0x00000000ec780000,0x00000000ed0fbc78,0x00000000ed100000)
  to   space 13312K, 0% used [0x00000000eba80000,0x00000000eba80000,0x00000000ec780000)
 ParOldGen       total 275968K, used 239919K [0x00000000c0000000, 0x00000000d0d80000, 0x00000000eab00000)
  object space 275968K, 86% used [0x00000000c0000000,0x00000000cea4bf10,0x00000000d0d80000)
 Metaspace       used 71671K, committed 72960K, reserved 1114112K
  class space    used 7508K, committed 8128K, reserved 1048576K
}
Event: 41.028 GC heap after
{Heap after GC invocations=154 (full 9):
 PSYoungGen      total 23040K, used 6995K [0x00000000eab00000, 0x00000000ece80000, 0x0000000100000000)
  eden space 15872K, 0% used [0x00000000eab00000,0x00000000eab00000,0x00000000eba80000)
  from space 7168K, 97% used [0x00000000eba80000,0x00000000ec154d68,0x00000000ec180000)
  to   space 9216K, 0% used [0x00000000ec580000,0x00000000ec580000,0x00000000ece80000)
 ParOldGen       total 275968K, used 246301K [0x00000000c0000000, 0x00000000d0d80000, 0x00000000eab00000)
  object space 275968K, 89% used [0x00000000c0000000,0x00000000cf087460,0x00000000d0d80000)
 Metaspace       used 71671K, committed 72960K, reserved 1114112K
  class space    used 7508K, committed 8128K, reserved 1048576K
}
Event: 41.218 GC heap before
{Heap before GC invocations=155 (full 9):
 PSYoungGen      total 23040K, used 22867K [0x00000000eab00000, 0x00000000ece80000, 0x0000000100000000)
  eden space 15872K, 100% used [0x00000000eab00000,0x00000000eba80000,0x00000000eba80000)
  from space 7168K, 97% used [0x00000000eba80000,0x00000000ec154d68,0x00000000ec180000)
  to   space 9216K, 0% used [0x00000000ec580000,0x00000000ec580000,0x00000000ece80000)
 ParOldGen       total 275968K, used 246301K [0x00000000c0000000, 0x00000000d0d80000, 0x00000000eab00000)
  object space 275968K, 89% used [0x00000000c0000000,0x00000000cf087460,0x00000000d0d80000)
 Metaspace       used 71671K, committed 72960K, reserved 1114112K
  class space    used 7508K, committed 8128K, reserved 1048576K
}
Event: 41.238 GC heap after
{Heap after GC invocations=155 (full 9):
 PSYoungGen      total 25600K, used 9198K [0x00000000eab00000, 0x00000000ed180000, 0x0000000100000000)
  eden space 16384K, 0% used [0x00000000eab00000,0x00000000eab00000,0x00000000ebb00000)
  from space 9216K, 99% used [0x00000000ec580000,0x00000000ece7bb78,0x00000000ece80000)
  to   space 10752K, 0% used [0x00000000ebb00000,0x00000000ebb00000,0x00000000ec580000)
 ParOldGen       total 275968K, used 247082K [0x00000000c0000000, 0x00000000d0d80000, 0x00000000eab00000)
  object space 275968K, 89% used [0x00000000c0000000,0x00000000cf14a948,0x00000000d0d80000)
 Metaspace       used 71671K, committed 72960K, reserved 1114112K
  class space    used 7508K, committed 8128K, reserved 1048576K
}
Event: 41.405 GC heap before
{Heap before GC invocations=156 (full 9):
 PSYoungGen      total 25600K, used 25582K [0x00000000eab00000, 0x00000000ed180000, 0x0000000100000000)
  eden space 16384K, 100% used [0x00000000eab00000,0x00000000ebb00000,0x00000000ebb00000)
  from space 9216K, 99% used [0x00000000ec580000,0x00000000ece7bb78,0x00000000ece80000)
  to   space 10752K, 0% used [0x00000000ebb00000,0x00000000ebb00000,0x00000000ec580000)
 ParOldGen       total 275968K, used 247082K [0x00000000c0000000, 0x00000000d0d80000, 0x00000000eab00000)
  object space 275968K, 89% used [0x00000000c0000000,0x00000000cf14a948,0x00000000d0d80000)
 Metaspace       used 71671K, committed 72960K, reserved 1114112K
  class space    used 7508K, committed 8128K, reserved 1048576K
}
Event: 41.444 GC heap after
{Heap after GC invocations=156 (full 9):
 PSYoungGen      total 23552K, used 6742K [0x00000000eab00000, 0x00000000ecd00000, 0x0000000100000000)
  eden space 16384K, 0% used [0x00000000eab00000,0x00000000eab00000,0x00000000ebb00000)
  from space 7168K, 94% used [0x00000000ebb00000,0x00000000ec195850,0x00000000ec200000)
  to   space 8192K, 0% used [0x00000000ec500000,0x00000000ec500000,0x00000000ecd00000)
 ParOldGen       total 275968K, used 252992K [0x00000000c0000000, 0x00000000d0d80000, 0x00000000eab00000)
  object space 275968K, 91% used [0x00000000c0000000,0x00000000cf710208,0x00000000d0d80000)
 Metaspace       used 71671K, committed 72960K, reserved 1114112K
  class space    used 7508K, committed 8128K, reserved 1048576K
}
Event: 41.586 GC heap before
{Heap before GC invocations=157 (full 9):
 PSYoungGen      total 23552K, used 23126K [0x00000000eab00000, 0x00000000ecd00000, 0x0000000100000000)
  eden space 16384K, 100% used [0x00000000eab00000,0x00000000ebb00000,0x00000000ebb00000)
  from space 7168K, 94% used [0x00000000ebb00000,0x00000000ec195850,0x00000000ec200000)
  to   space 8192K, 0% used [0x00000000ec500000,0x00000000ec500000,0x00000000ecd00000)
 ParOldGen       total 275968K, used 252992K [0x00000000c0000000, 0x00000000d0d80000, 0x00000000eab00000)
  object space 275968K, 91% used [0x00000000c0000000,0x00000000cf710208,0x00000000d0d80000)
 Metaspace       used 71671K, committed 72960K, reserved 1114112K
  class space    used 7508K, committed 8128K, reserved 1048576K
}
Event: 41.597 GC heap after
{Heap after GC invocations=157 (full 9):
 PSYoungGen      total 26112K, used 7431K [0x00000000eab00000, 0x00000000ecc80000, 0x0000000100000000)
  eden space 18432K, 0% used [0x00000000eab00000,0x00000000eab00000,0x00000000ebd00000)
  from space 7680K, 96% used [0x00000000ec500000,0x00000000ecc41ce0,0x00000000ecc80000)
  to   space 7680K, 0% used [0x00000000ebd80000,0x00000000ebd80000,0x00000000ec500000)
 ParOldGen       total 275968K, used 255814K [0x00000000c0000000, 0x00000000d0d80000, 0x00000000eab00000)
  object space 275968K, 92% used [0x00000000c0000000,0x00000000cf9d18b0,0x00000000d0d80000)
 Metaspace       used 71671K, committed 72960K, reserved 1114112K
  class space    used 7508K, committed 8128K, reserved 1048576K
}
Event: 41.743 GC heap before
{Heap before GC invocations=158 (full 9):
 PSYoungGen      total 26112K, used 25863K [0x00000000eab00000, 0x00000000ecc80000, 0x0000000100000000)
  eden space 18432K, 100% used [0x00000000eab00000,0x00000000ebd00000,0x00000000ebd00000)
  from space 7680K, 96% used [0x00000000ec500000,0x00000000ecc41ce0,0x00000000ecc80000)
  to   space 7680K, 0% used [0x00000000ebd80000,0x00000000ebd80000,0x00000000ec500000)
 ParOldGen       total 275968K, used 255814K [0x00000000c0000000, 0x00000000d0d80000, 0x00000000eab00000)
  object space 275968K, 92% used [0x00000000c0000000,0x00000000cf9d18b0,0x00000000d0d80000)
 Metaspace       used 71671K, committed 72960K, reserved 1114112K
  class space    used 7508K, committed 8128K, reserved 1048576K
}
Event: 41.755 GC heap after
{Heap after GC invocations=158 (full 9):
 PSYoungGen      total 26624K, used 7667K [0x00000000eab00000, 0x00000000ed800000, 0x0000000100000000)
  eden space 18944K, 0% used [0x00000000eab00000,0x00000000eab00000,0x00000000ebd80000)
  from space 7680K, 99% used [0x00000000ebd80000,0x00000000ec4fcc88,0x00000000ec500000)
  to   space 12800K, 0% used [0x00000000ecb80000,0x00000000ecb80000,0x00000000ed800000)
 ParOldGen       total 275968K, used 259777K [0x00000000c0000000, 0x00000000d0d80000, 0x00000000eab00000)
  object space 275968K, 94% used [0x00000000c0000000,0x00000000cfdb0508,0x00000000d0d80000)
 Metaspace       used 71671K, committed 72960K, reserved 1114112K
  class space    used 7508K, committed 8128K, reserved 1048576K
}
Event: 41.906 GC heap before
{Heap before GC invocations=159 (full 9):
 PSYoungGen      total 26624K, used 26611K [0x00000000eab00000, 0x00000000ed800000, 0x0000000100000000)
  eden space 18944K, 100% used [0x00000000eab00000,0x00000000ebd80000,0x00000000ebd80000)
  from space 7680K, 99% used [0x00000000ebd80000,0x00000000ec4fcc88,0x00000000ec500000)
  to   space 12800K, 0% used [0x00000000ecb80000,0x00000000ecb80000,0x00000000ed800000)
 ParOldGen       total 275968K, used 259777K [0x00000000c0000000, 0x00000000d0d80000, 0x00000000eab00000)
  object space 275968K, 94% used [0x00000000c0000000,0x00000000cfdb0508,0x00000000d0d80000)
 Metaspace       used 71673K, committed 72960K, reserved 1114112K
  class space    used 7508K, committed 8128K, reserved 1048576K
}
Event: 41.930 GC heap after
{Heap after GC invocations=159 (full 9):
 PSYoungGen      total 25600K, used 4500K [0x00000000eab00000, 0x00000000ed000000, 0x0000000100000000)
  eden space 20992K, 0% used [0x00000000eab00000,0x00000000eab00000,0x00000000ebf80000)
  from space 4608K, 97% used [0x00000000ecb80000,0x00000000ecfe5120,0x00000000ed000000)
  to   space 7168K, 0% used [0x00000000ec200000,0x00000000ec200000,0x00000000ec900000)
 ParOldGen       total 275968K, used 267103K [0x00000000c0000000, 0x00000000d0d80000, 0x00000000eab00000)
  object space 275968K, 96% used [0x00000000c0000000,0x00000000d04d7d68,0x00000000d0d80000)
 Metaspace       used 71673K, committed 72960K, reserved 1114112K
  class space    used 7508K, committed 8128K, reserved 1048576K
}
Event: 42.273 GC heap before
{Heap before GC invocations=160 (full 9):
 PSYoungGen      total 25600K, used 25492K [0x00000000eab00000, 0x00000000ed000000, 0x0000000100000000)
  eden space 20992K, 100% used [0x00000000eab00000,0x00000000ebf80000,0x00000000ebf80000)
  from space 4608K, 97% used [0x00000000ecb80000,0x00000000ecfe5120,0x00000000ed000000)
  to   space 7168K, 0% used [0x00000000ec200000,0x00000000ec200000,0x00000000ec900000)
 ParOldGen       total 275968K, used 267103K [0x00000000c0000000, 0x00000000d0d80000, 0x00000000eab00000)
  object space 275968K, 96% used [0x00000000c0000000,0x00000000d04d7d68,0x00000000d0d80000)
 Metaspace       used 71673K, committed 72960K, reserved 1114112K
  class space    used 7508K, committed 8128K, reserved 1048576K
}
Event: 42.301 GC heap after
{Heap after GC invocations=160 (full 9):
 PSYoungGen      total 29184K, used 5279K [0x00000000eab00000, 0x00000000ecd00000, 0x0000000100000000)
  eden space 23552K, 0% used [0x00000000eab00000,0x00000000eab00000,0x00000000ec200000)
  from space 5632K, 93% used [0x00000000ec200000,0x00000000ec727cd0,0x00000000ec780000)
  to   space 5632K, 0% used [0x00000000ec780000,0x00000000ec780000,0x00000000ecd00000)
 ParOldGen       total 275968K, used 271241K [0x00000000c0000000, 0x00000000d0d80000, 0x00000000eab00000)
  object space 275968K, 98% used [0x00000000c0000000,0x00000000d08e2790,0x00000000d0d80000)
 Metaspace       used 71673K, committed 72960K, reserved 1114112K
  class space    used 7508K, committed 8128K, reserved 1048576K
}
Event: 42.301 GC heap before
{Heap before GC invocations=161 (full 10):
 PSYoungGen      total 29184K, used 5279K [0x00000000eab00000, 0x00000000ecd00000, 0x0000000100000000)
  eden space 23552K, 0% used [0x00000000eab00000,0x00000000eab00000,0x00000000ec200000)
  from space 5632K, 93% used [0x00000000ec200000,0x00000000ec727cd0,0x00000000ec780000)
  to   space 5632K, 0% used [0x00000000ec780000,0x00000000ec780000,0x00000000ecd00000)
 ParOldGen       total 275968K, used 271241K [0x00000000c0000000, 0x00000000d0d80000, 0x00000000eab00000)
  object space 275968K, 98% used [0x00000000c0000000,0x00000000d08e2790,0x00000000d0d80000)
 Metaspace       used 71673K, committed 72960K, reserved 1114112K
  class space    used 7508K, committed 8128K, reserved 1048576K
}

