# JRE version: OpenJDK Runtime Environment (21.0.4+7) (build 21.0.4+7-Ubuntu-1ubuntu222.04)
# Java VM: OpenJDK 64-Bit Server VM (21.0.4+7-Ubuntu-1ubuntu222.04, mixed mode, emulated-client, sharing, tiered, compressed oops, compressed class ptrs, g1 gc, linux-amd64)
GC Precious Log:
 CardTable entry size: 512
 Card Set container configuration: InlinePtr #cards 4 size 8 Array Of Cards #cards 32 size 80 Howl #buckets 8 coarsen threshold 7372 Howl Bitmap #cards 1024 size 144 coarsen threshold 921 Card regions per heap region 1 cards per card region 8192
 CPUs: 8 total, 8 available
 Memory: 19856M
 Large Page Support: Disabled
 NUMA Support: Disabled
 Compressed Oops: Enabled (Zero based)
 Heap Region Size: 4M
 Heap Min Capacity: 8M
 Heap Initial Capacity: 312M
 Heap Max Capacity: 4968M
 Pre-touch: Disabled
 Parallel Workers: 8
 Concurrent Workers: 2
 Concurrent Refinement Workers: 8
 Periodic GC: Disabled
Heap:
 garbage-first heap   total 98304K, used 79161K [0x00000006c9800000, 0x0000000800000000)
  region size 4096K, 15 young (61440K), 2 survivors (8192K)
 Metaspace       used 66402K, committed 67072K, reserved 1114112K
  class space    used 9310K, committed 9600K, reserved 1048576K
GC Heap History (20 events):
Event: 2.190 GC heap after
{Heap after GC invocations=1 (full 0):
 garbage-first heap   total 323584K, used 9215K [0x00000006c9800000, 0x0000000800000000)
  region size 4096K, 1 young (4096K), 1 survivors (4096K)
 Metaspace       used 5456K, committed 5632K, reserved 1114112K
  class space    used 636K, committed 704K, reserved 1048576K
}
Event: 3.851 GC heap before
{Heap before GC invocations=1 (full 0):
 garbage-first heap   total 323584K, used 21503K [0x00000006c9800000, 0x0000000800000000)
  region size 4096K, 4 young (16384K), 1 survivors (4096K)
 Metaspace       used 9049K, committed 9280K, reserved 1114112K
  class space    used 1113K, committed 1216K, reserved 1048576K
}
Event: 3.881 GC heap after
{Heap after GC invocations=2 (full 0):
 garbage-first heap   total 323584K, used 9687K [0x00000006c9800000, 0x0000000800000000)
  region size 4096K, 1 young (4096K), 1 survivors (4096K)
 Metaspace       used 9049K, committed 9280K, reserved 1114112K
  class space    used 1113K, committed 1216K, reserved 1048576K
}
Event: 5.365 GC heap before
{Heap before GC invocations=2 (full 0):
 garbage-first heap   total 323584K, used 38359K [0x00000006c9800000, 0x0000000800000000)
  region size 4096K, 8 young (32768K), 1 survivors (4096K)
 Metaspace       used 15949K, committed 16256K, reserved 1114112K
  class space    used 2037K, committed 2176K, reserved 1048576K
}
Event: 5.380 GC heap after
{Heap after GC invocations=3 (full 0):
 garbage-first heap   total 323584K, used 11883K [0x00000006c9800000, 0x0000000800000000)
  region size 4096K, 1 young (4096K), 1 survivors (4096K)
 Metaspace       used 15949K, committed 16256K, reserved 1114112K
  class space    used 2037K, committed 2176K, reserved 1048576K
}
Event: 6.930 GC heap before
{Heap before GC invocations=3 (full 0):
 garbage-first heap   total 323584K, used 40555K [0x00000006c9800000, 0x0000000800000000)
  region size 4096K, 9 young (36864K), 1 survivors (4096K)
 Metaspace       used 20174K, committed 20480K, reserved 1114112K
  class space    used 2631K, committed 2752K, reserved 1048576K
}
Event: 6.949 GC heap after
{Heap after GC invocations=4 (full 0):
 garbage-first heap   total 323584K, used 15035K [0x00000006c9800000, 0x0000000800000000)
  region size 4096K, 2 young (8192K), 2 survivors (8192K)
 Metaspace       used 20174K, committed 20480K, reserved 1114112K
  class space    used 2631K, committed 2752K, reserved 1048576K
}
Event: 9.115 GC heap before
{Heap before GC invocations=5 (full 0):
 garbage-first heap   total 69632K, used 47803K [0x00000006c9800000, 0x0000000800000000)
  region size 4096K, 10 young (40960K), 2 survivors (8192K)
 Metaspace       used 25017K, committed 25472K, reserved 1114112K
  class space    used 3378K, committed 3584K, reserved 1048576K
}
Event: 9.140 GC heap after
{Heap after GC invocations=6 (full 0):
 garbage-first heap   total 196608K, used 17169K [0x00000006c9800000, 0x0000000800000000)
  region size 4096K, 2 young (8192K), 2 survivors (8192K)
 Metaspace       used 25017K, committed 25472K, reserved 1114112K
  class space    used 3378K, committed 3584K, reserved 1048576K
}
Event: 11.431 GC heap before
{Heap before GC invocations=6 (full 0):
 garbage-first heap   total 196608K, used 58129K [0x00000006c9800000, 0x0000000800000000)
  region size 4096K, 13 young (53248K), 2 survivors (8192K)
 Metaspace       used 33623K, committed 34176K, reserved 1114112K
  class space    used 4615K, committed 4864K, reserved 1048576K
}
Event: 11.454 GC heap after
{Heap after GC invocations=7 (full 0):
 garbage-first heap   total 196608K, used 20222K [0x00000006c9800000, 0x0000000800000000)
  region size 4096K, 3 young (12288K), 3 survivors (12288K)
 Metaspace       used 33623K, committed 34176K, reserved 1114112K
  class space    used 4615K, committed 4864K, reserved 1048576K
}
Event: 11.513 GC heap before
{Heap before GC invocations=7 (full 0):
 garbage-first heap   total 196608K, used 20222K [0x00000006c9800000, 0x0000000800000000)
  region size 4096K, 4 young (16384K), 3 survivors (12288K)
 Metaspace       used 33947K, committed 34496K, reserved 1114112K
  class space    used 4682K, committed 4928K, reserved 1048576K
}
Event: 11.528 GC heap after
{Heap after GC invocations=8 (full 0):
 garbage-first heap   total 196608K, used 20023K [0x00000006c9800000, 0x0000000800000000)
  region size 4096K, 3 young (12288K), 3 survivors (12288K)
 Metaspace       used 33947K, committed 34496K, reserved 1114112K
  class space    used 4682K, committed 4928K, reserved 1048576K
}
Event: 14.026 GC heap before
{Heap before GC invocations=9 (full 0):
 garbage-first heap   total 98304K, used 65079K [0x00000006c9800000, 0x0000000800000000)
  region size 4096K, 14 young (57344K), 3 survivors (12288K)
 Metaspace       used 48076K, committed 48640K, reserved 1114112K
  class space    used 6548K, committed 6784K, reserved 1048576K
}
Event: 14.048 GC heap after
{Heap after GC invocations=10 (full 0):
 garbage-first heap   total 98304K, used 24071K [0x00000006c9800000, 0x0000000800000000)
  region size 4096K, 2 young (8192K), 2 survivors (8192K)
 Metaspace       used 48076K, committed 48640K, reserved 1114112K
  class space    used 6548K, committed 6784K, reserved 1048576K
}
Event: 15.691 GC heap before
{Heap before GC invocations=10 (full 0):
 garbage-first heap   total 98304K, used 48647K [0x00000006c9800000, 0x0000000800000000)
  region size 4096K, 10 young (40960K), 2 survivors (8192K)
 Metaspace       used 57290K, committed 57920K, reserved 1114112K
  class space    used 8016K, committed 8320K, reserved 1048576K
}
Event: 15.715 GC heap after
{Heap after GC invocations=11 (full 0):
 garbage-first heap   total 98304K, used 25927K [0x00000006c9800000, 0x0000000800000000)
  region size 4096K, 2 young (8192K), 2 survivors (8192K)
 Metaspace       used 57290K, committed 57920K, reserved 1114112K
  class space    used 8016K, committed 8320K, reserved 1048576K
}
Event: 15.751 GC heap before
{Heap before GC invocations=11 (full 0):
 garbage-first heap   total 98304K, used 25927K [0x00000006c9800000, 0x0000000800000000)
  region size 4096K, 3 young (12288K), 2 survivors (8192K)
 Metaspace       used 57619K, committed 58240K, reserved 1114112K
  class space    used 8027K, committed 8320K, reserved 1048576K
}
Event: 15.770 GC heap after
{Heap after GC invocations=12 (full 0):
 garbage-first heap   total 118784K, used 25913K [0x00000006c9800000, 0x0000000800000000)
  region size 4096K, 1 young (4096K), 1 survivors (4096K)
 Metaspace       used 57619K, committed 58240K, reserved 1114112K
  class space    used 8027K, committed 8320K, reserved 1048576K
}
Event: 640.449 GC heap before
{Heap before GC invocations=13 (full 0):
 garbage-first heap   total 98304K, used 79161K [0x00000006c9800000, 0x0000000800000000)
  region size 4096K, 14 young (57344K), 1 survivors (4096K)
 Metaspace       used 66402K, committed 67072K, reserved 1114112K
  class space    used 9310K, committed 9600K, reserved 1048576K
}

